<?xml version="1.0" encoding="UTF-8"?>
<!-- Generated by org.testng.reporters.JUnitXMLReporter -->
<testsuite hostname="DESKTOP-5RMBV1C" ignored="0" name="Smoke Test" tests="12" failures="1" timestamp="24 Feb 2018 20:28:44 GMT" time="0.1" errors="0">
  <testcase name="assertiontest" time="0.018" classname="TestNGBasics.AssertionTest"/>
  <testcase name="assertiontest" time="0.002" classname="TestNGBasics.AssertionTest"/>
  <testcase name="assertiontest" time="0.002" classname="TestNGBasics.AssertionTest"/>
  <testcase name="assertiontest" time="0.001" classname="TestNGBasics.AssertionTest"/>
  <testcase name="assertiontest" time="0.004" classname="TestNGBasics.AssertionTest"/>
  <testcase name="assertiontest" time="0.001" classname="TestNGBasics.AssertionTest"/>
  <testcase name="assertiontest" time="0.004" classname="TestNGBasics.AssertionTest"/>
  <testcase name="assertiontest" time="0.004" classname="TestNGBasics.AssertionTest"/>
  <testcase name="assertiontest" time="0.002" classname="TestNGBasics.AssertionTest"/>
  <testcase name="assertiontest" time="0.004" classname="TestNGBasics.AssertionTest"/>
  <testcase name="maintestcase" time="0.001" classname="TestNGBasics.AssertionTest"/>
  <testcase name="Test1" time="0.001" classname="TestNGBasics.AssertionTest">
    <failure type="java.lang.AssertionError" message="expected [20] but found [30]">
      <![CDATA[java.lang.AssertionError: expected [20] but found [30]
at TestNGBasics.AssertionTest.Test1(AssertionTest.java:24)
... Removed 31 stack frames]]>
    </failure>
  </testcase> <!-- Test1 -->
</testsuite> <!-- Smoke Test -->
